2022-05-09 21:08:47 - L2.py INFO: Start test for chrome
2022-05-09 21:08:47 - logger.py INFO: 

2022-05-09 21:08:47 - logger.py INFO: ====== WebDriver manager ======
2022-05-09 21:08:49 - logger.py INFO: Current google-chrome version is 101.0.4951
2022-05-09 21:08:49 - logger.py INFO: Get LATEST chromedriver version for 101.0.4951 google-chrome
2022-05-09 21:08:49 - logger.py INFO: Driver [C:\Users\Victoria.Antonova\.wdm\drivers\chromedriver\win32\101.0.4951.41\chromedriver.exe] found in cache
2022-05-09 21:09:00 - L2.py INFO: Radio Buttons found!
2022-05-09 21:09:00 - L2.py INFO: Radio Buttons amount: 3
2022-05-09 21:09:04 - L2.py INFO: Start test for firefox
2022-05-09 21:09:04 - logger.py INFO: 

2022-05-09 21:09:04 - logger.py INFO: ====== WebDriver manager ======
2022-05-09 21:09:06 - logger.py INFO: Current firefox version is 101.0
2022-05-09 21:09:06 - logger.py INFO: Get LATEST geckodriver version for 101.0 firefox
2022-05-09 21:09:06 - logger.py INFO: Getting latest mozilla release info for v0.31.0
2022-05-09 21:09:06 - logger.py INFO: Trying to download new driver from https://github.com/mozilla/geckodriver/releases/download/v0.31.0/geckodriver-v0.31.0-win64.zip
2022-05-09 21:09:07 - logger.py INFO: Driver has been saved in cache [C:\Users\Victoria.Antonova\.wdm\drivers\geckodriver\win64\v0.31.0]
2022-05-09 21:09:11 - L2.py ERROR: firefox driver not initialized
2022-05-09 21:09:11 - L2.py INFO: Start test for edge
2022-05-09 21:09:11 - logger.py INFO: ====== WebDriver manager ======
2022-05-09 21:09:13 - logger.py INFO: Current edge version is 101.0.1210
2022-05-09 21:09:13 - logger.py INFO: Get LATEST edgedriver version for 101.0.1210 Edge
2022-05-09 21:09:13 - api.py INFO: Detected a SIG or BOM mark on first 2 byte(s). Priority +1 given for utf_16.
2022-05-09 21:09:13 - api.py INFO: utf_16 passed initial chaos probing. Mean measured chaos is 0.000000 %
2022-05-09 21:09:13 - api.py INFO: utf_16 is most likely the one as we detected a BOM or SIG within the beginning of the sequence.
2022-05-09 21:09:13 - logger.py INFO: Trying to download new driver from https://msedgedriver.azureedge.net/101.0.1210.39/edgedriver_win64.zip
2022-05-09 21:09:14 - logger.py INFO: Driver has been saved in cache [C:\Users\Victoria.Antonova\.wdm\drivers\edgedriver\win64\101.0.1210.39]
2022-05-09 21:09:30 - L2.py INFO: Radio Buttons found!
2022-05-09 21:09:30 - L2.py INFO: Radio Buttons amount: 3
