2022-05-09 23:10:40 - L2.py INFO: Start test for chrome
2022-05-09 23:10:40 - logger.py INFO: 

2022-05-09 23:10:40 - logger.py INFO: ====== WebDriver manager ======
2022-05-09 23:10:41 - logger.py INFO: Current google-chrome version is 101.0.4951
2022-05-09 23:10:41 - logger.py INFO: Get LATEST chromedriver version for 101.0.4951 google-chrome
2022-05-09 23:10:42 - logger.py INFO: Driver [C:\Users\Victoria.Antonova\.wdm\drivers\chromedriver\win32\101.0.4951.41\chromedriver.exe] found in cache
2022-05-09 23:10:52 - L2.py INFO: "Radio Buttons Example" block found!
2022-05-09 23:10:52 - L2.py INFO: Radio Buttons amount: 3
2022-05-09 23:10:52 - L2.py INFO: "Select Class Example" block found!
2022-05-09 23:10:52 - L2.py INFO: Select Class amount: 3
2022-05-09 23:10:52 - L2.py INFO: "Multiple Select Example" block found!
2022-05-09 23:10:52 - L2.py INFO: Multiple Select amount: 3
2022-05-09 23:10:52 - L2.py INFO: "Checkbox Example" block found!
2022-05-09 23:10:52 - L2.py INFO: Checkbox amount: 3
2022-05-09 23:10:52 - L2.py INFO: "Switch Window Example" block found!
2022-05-09 23:10:52 - L2.py INFO: Switch Window amount: 1
2022-05-09 23:10:52 - L2.py INFO: "Switch Tab Example" block found!
2022-05-09 23:10:52 - L2.py INFO: Switch Tab amount: 1
2022-05-09 23:10:52 - L2.py INFO: "Switch To Alert Example" block found!
2022-05-09 23:10:52 - L2.py INFO: Switch To Alert amount: 3
2022-05-09 23:10:52 - L2.py INFO: "Web Table Example" block found!
2022-05-09 23:10:52 - L2.py INFO: Web Table amount: 9
2022-05-09 23:10:52 - L2.py INFO: "Enabled/Disabled Example" block found!
2022-05-09 23:10:52 - L2.py INFO: Enabled/Disabled amount: 3
2022-05-09 23:10:52 - L2.py INFO: "Element Displayed Example" block found!
2022-05-09 23:10:52 - L2.py INFO: Element Displayed amount: 3
2022-05-09 23:10:52 - L2.py INFO: "Mouse Hover Example" block found!
2022-05-09 23:10:52 - L2.py INFO: Mouse Hover amount: 1
2022-05-09 23:10:57 - L2.py INFO: Start test for firefox
2022-05-09 23:10:57 - logger.py INFO: 

2022-05-09 23:10:57 - logger.py INFO: ====== WebDriver manager ======
2022-05-09 23:10:59 - logger.py INFO: Current firefox version is 101.0
2022-05-09 23:10:59 - logger.py INFO: Get LATEST geckodriver version for 101.0 firefox
2022-05-09 23:10:59 - logger.py INFO: Driver [C:\Users\Victoria.Antonova\.wdm\drivers\geckodriver\win64\v0.31.0\geckodriver.exe] found in cache
2022-05-09 23:11:17 - L2.py INFO: "Radio Buttons Example" block found!
2022-05-09 23:11:17 - L2.py INFO: Radio Buttons amount: 3
2022-05-09 23:11:17 - L2.py INFO: "Select Class Example" block found!
2022-05-09 23:11:17 - L2.py INFO: Select Class amount: 3
2022-05-09 23:11:17 - L2.py INFO: "Multiple Select Example" block found!
2022-05-09 23:11:17 - L2.py INFO: Multiple Select amount: 3
2022-05-09 23:11:17 - L2.py INFO: "Checkbox Example" block found!
2022-05-09 23:11:17 - L2.py INFO: Checkbox amount: 3
2022-05-09 23:11:17 - L2.py INFO: "Switch Window Example" block found!
2022-05-09 23:11:17 - L2.py INFO: Switch Window amount: 1
2022-05-09 23:11:17 - L2.py INFO: "Switch Tab Example" block found!
2022-05-09 23:11:17 - L2.py INFO: Switch Tab amount: 1
2022-05-09 23:11:17 - L2.py INFO: "Switch To Alert Example" block found!
2022-05-09 23:11:17 - L2.py INFO: Switch To Alert amount: 3
2022-05-09 23:11:17 - L2.py INFO: "Web Table Example" block found!
2022-05-09 23:11:17 - L2.py INFO: Web Table amount: 9
2022-05-09 23:11:17 - L2.py INFO: "Enabled/Disabled Example" block found!
2022-05-09 23:11:17 - L2.py INFO: Enabled/Disabled amount: 3
2022-05-09 23:11:17 - L2.py INFO: "Element Displayed Example" block found!
2022-05-09 23:11:17 - L2.py INFO: Element Displayed amount: 3
2022-05-09 23:11:17 - L2.py INFO: "Mouse Hover Example" block found!
2022-05-09 23:11:17 - L2.py INFO: Mouse Hover amount: 1
2022-05-09 23:11:18 - L2.py INFO: Start test for edge
2022-05-09 23:11:18 - logger.py INFO: ====== WebDriver manager ======
2022-05-09 23:11:19 - logger.py INFO: Current edge version is 101.0.1210
2022-05-09 23:11:19 - logger.py INFO: Get LATEST edgedriver version for 101.0.1210 Edge
2022-05-09 23:11:20 - api.py INFO: Detected a SIG or BOM mark on first 2 byte(s). Priority +1 given for utf_16.
2022-05-09 23:11:20 - api.py INFO: utf_16 passed initial chaos probing. Mean measured chaos is 0.000000 %
2022-05-09 23:11:20 - api.py INFO: utf_16 is most likely the one as we detected a BOM or SIG within the beginning of the sequence.
2022-05-09 23:11:20 - logger.py INFO: Driver [C:\Users\Victoria.Antonova\.wdm\drivers\edgedriver\win64\101.0.1210.39\msedgedriver.exe] found in cache
2022-05-09 23:11:31 - L2.py INFO: "Radio Buttons Example" block found!
2022-05-09 23:11:31 - L2.py INFO: Radio Buttons amount: 3
2022-05-09 23:11:31 - L2.py INFO: "Select Class Example" block found!
2022-05-09 23:11:31 - L2.py INFO: Select Class amount: 3
2022-05-09 23:11:31 - L2.py INFO: "Multiple Select Example" block found!
2022-05-09 23:11:31 - L2.py INFO: Multiple Select amount: 3
2022-05-09 23:11:31 - L2.py INFO: "Checkbox Example" block found!
2022-05-09 23:11:31 - L2.py INFO: Checkbox amount: 3
2022-05-09 23:11:31 - L2.py INFO: "Switch Window Example" block found!
2022-05-09 23:11:31 - L2.py INFO: Switch Window amount: 1
2022-05-09 23:11:31 - L2.py INFO: "Switch Tab Example" block found!
2022-05-09 23:11:31 - L2.py INFO: Switch Tab amount: 1
2022-05-09 23:11:31 - L2.py INFO: "Switch To Alert Example" block found!
2022-05-09 23:11:31 - L2.py INFO: Switch To Alert amount: 3
2022-05-09 23:11:31 - L2.py INFO: "Web Table Example" block found!
2022-05-09 23:11:31 - L2.py INFO: Web Table amount: 9
2022-05-09 23:11:31 - L2.py INFO: "Enabled/Disabled Example" block found!
2022-05-09 23:11:31 - L2.py INFO: Enabled/Disabled amount: 3
2022-05-09 23:11:31 - L2.py INFO: "Element Displayed Example" block found!
2022-05-09 23:11:31 - L2.py INFO: Element Displayed amount: 3
2022-05-09 23:11:31 - L2.py INFO: "Mouse Hover Example" block found!
2022-05-09 23:11:31 - L2.py INFO: Mouse Hover amount: 1
